<?xml version="1.0" encoding="utf-8"?><testsuite errors="0" failures="0" name="sphinx-gallery" skipped="2" tests="11" time="4.948159217834473"><testcase classname="plot_scraper_broken" file="examples/plot_scraper_broken.py" line="1" name="Error during scraping" time="0.2306230068206787"><skipped message="expected example failure"></skipped></testcase><testcase classname="plot_svg" file="examples/plot_svg.py" line="1" name='"SVG":-`graphics_`' time="0.08528494834899902"></testcase><testcase classname="plot_command_line_args" file="examples/plot_command_line_args.py" line="1" name="Command line arguments support" time="0.04175877571105957"></testcase><testcase classname="plot_log" file="examples/plot_log.py" line="1" name="Logging test" time="0.0016167163848876953"></testcase><testcase classname="plot_pickle" file="examples/plot_pickle.py" line="1" name="Pickling" time="0.3125300407409668"></testcase><testcase classname="plot_second_future_imports" file="examples/plot_second_future_imports.py" line="1" name="Testing future statements across examples" time="0.0005986690521240234"></testcase><testcase classname="plot_matplotlib_alt" file="examples/plot_matplotlib_alt.py" line="1" name="Matplotlib alt text" time="0.2969846725463867"></testcase><testcase classname="plot_animation" file="examples/plot_animation.py" line="1" name="Animation support" time="3.8149678707122803"></testcase><testcase classname="plot_numpy_matplotlib" file="examples/plot_numpy_matplotlib.py" line="1" name="Link to other packages" time="0.16155195236206055"></testcase><testcase classname="plot_future_imports_broken" file="examples/future/plot_future_imports_broken.py" line="1" name="Test without __future__ imports" time="0.0012750625610351562"><skipped message="expected example failure"></skipped></testcase><testcase classname="plot_future_imports" file="examples/future/plot_future_imports.py" line="1" name="Test __future__ imports across cells" time="0.0009675025939941406"></testcase></testsuite>